{
"/Users/gt/Development/tests/lib/binarySearch.js":{"path":"/Users/gt/Development/tests/lib/binarySearch.js","s":{"1":1,"2":814,"3":814,"4":814,"5":814,"6":814,"7":814,"8":190,"9":624,"10":16,"11":608,"12":345,"13":263,"14":1},"b":{"1":[814,346],"2":[814,206],"3":[190,624],"4":[16,608],"5":[345,263]},"f":{"1":814},"fnMap":{"1":{"name":"binarySearch","line":20,"loc":{"start":{"line":20,"column":0},"end":{"line":20,"column":60}}}},"statementMap":{"1":{"start":{"line":20,"column":0},"end":{"line":47,"column":1}},"2":{"start":{"line":21,"column":4},"end":{"line":22,"column":17}},"3":{"start":{"line":24,"column":4},"end":{"line":24,"column":33}},"4":{"start":{"line":25,"column":4},"end":{"line":25,"column":42}},"5":{"start":{"line":27,"column":4},"end":{"line":27,"column":68}},"6":{"start":{"line":28,"column":4},"end":{"line":28,"column":33}},"7":{"start":{"line":30,"column":4},"end":{"line":33,"column":5}},"8":{"start":{"line":32,"column":8},"end":{"line":32,"column":24}},"9":{"start":{"line":35,"column":4},"end":{"line":38,"column":5}},"10":{"start":{"line":37,"column":8},"end":{"line":37,"column":15}},"11":{"start":{"line":40,"column":4},"end":{"line":46,"column":5}},"12":{"start":{"line":42,"column":8},"end":{"line":42,"column":64}},"13":{"start":{"line":45,"column":8},"end":{"line":45,"column":66}},"14":{"start":{"line":49,"column":0},"end":{"line":49,"column":30}}},"branchMap":{"1":{"line":24,"type":"binary-expr","locations":[{"start":{"line":24,"column":17},"end":{"line":24,"column":27}},{"start":{"line":24,"column":31},"end":{"line":24,"column":32}}]},"2":{"line":25,"type":"binary-expr","locations":[{"start":{"line":25,"column":15},"end":{"line":25,"column":23}},{"start":{"line":25,"column":27},"end":{"line":25,"column":41}}]},"3":{"line":30,"type":"if","locations":[{"start":{"line":30,"column":4},"end":{"line":30,"column":4}},{"start":{"line":30,"column":4},"end":{"line":30,"column":4}}]},"4":{"line":35,"type":"if","locations":[{"start":{"line":35,"column":4},"end":{"line":35,"column":4}},{"start":{"line":35,"column":4},"end":{"line":35,"column":4}}]},"5":{"line":40,"type":"if","locations":[{"start":{"line":40,"column":4},"end":{"line":40,"column":4}},{"start":{"line":40,"column":4},"end":{"line":40,"column":4}}]}},"l":{"20":1,"21":814,"24":814,"25":814,"27":814,"28":814,"30":814,"32":190,"35":624,"37":16,"40":608,"42":345,"45":263,"49":1}},
"/Users/gt/Development/tests/lib/stringReverse.js":{"path":"/Users/gt/Development/tests/lib/stringReverse.js","s":{"1":1,"2":72,"3":72,"4":1,"5":71,"6":71,"7":6,"8":6,"9":5,"10":66,"11":1,"12":7,"13":7,"14":63,"15":63,"16":7,"17":1,"18":1},"b":{"1":[1,71],"2":[72,72],"3":[6,65],"4":[71,7,6],"5":[5,1],"6":[6,5],"7":[3,60]},"f":{"1":72,"2":7},"fnMap":{"1":{"name":"codePointAt","line":20,"loc":{"start":{"line":20,"column":0},"end":{"line":20,"column":33}}},"2":{"name":"stringReverse","line":47,"loc":{"start":{"line":47,"column":0},"end":{"line":47,"column":28}}}},"statementMap":{"1":{"start":{"line":20,"column":0},"end":{"line":35,"column":1}},"2":{"start":{"line":21,"column":4},"end":{"line":21,"column":22}},"3":{"start":{"line":22,"column":4},"end":{"line":24,"column":5}},"4":{"start":{"line":23,"column":8},"end":{"line":23,"column":25}},"5":{"start":{"line":25,"column":4},"end":{"line":25,"column":34}},"6":{"start":{"line":27,"column":4},"end":{"line":33,"column":5}},"7":{"start":{"line":28,"column":8},"end":{"line":28,"column":43}},"8":{"start":{"line":30,"column":8},"end":{"line":32,"column":9}},"9":{"start":{"line":31,"column":12},"end":{"line":31,"column":74}},"10":{"start":{"line":34,"column":4},"end":{"line":34,"column":17}},"11":{"start":{"line":47,"column":0},"end":{"line":55,"column":1}},"12":{"start":{"line":48,"column":4},"end":{"line":48,"column":37}},"13":{"start":{"line":49,"column":4},"end":{"line":53,"column":5}},"14":{"start":{"line":50,"column":8},"end":{"line":50,"column":40}},"15":{"start":{"line":52,"column":8},"end":{"line":52,"column":80}},"16":{"start":{"line":54,"column":4},"end":{"line":54,"column":21}},"17":{"start":{"line":57,"column":0},"end":{"line":57,"column":41}},"18":{"start":{"line":59,"column":0},"end":{"line":59,"column":31}}},"branchMap":{"1":{"line":22,"type":"if","locations":[{"start":{"line":22,"column":4},"end":{"line":22,"column":4}},{"start":{"line":22,"column":4},"end":{"line":22,"column":4}}]},"2":{"line":22,"type":"binary-expr","locations":[{"start":{"line":22,"column":8},"end":{"line":22,"column":17}},{"start":{"line":22,"column":21},"end":{"line":22,"column":40}}]},"3":{"line":27,"type":"if","locations":[{"start":{"line":27,"column":4},"end":{"line":27,"column":4}},{"start":{"line":27,"column":4},"end":{"line":27,"column":4}}]},"4":{"line":27,"type":"binary-expr","locations":[{"start":{"line":27,"column":8},"end":{"line":27,"column":23}},{"start":{"line":27,"column":27},"end":{"line":27,"column":42}},{"start":{"line":27,"column":46},"end":{"line":27,"column":68}}]},"5":{"line":30,"type":"if","locations":[{"start":{"line":30,"column":8},"end":{"line":30,"column":8}},{"start":{"line":30,"column":8},"end":{"line":30,"column":8}}]},"6":{"line":30,"type":"binary-expr","locations":[{"start":{"line":30,"column":12},"end":{"line":30,"column":28}},{"start":{"line":30,"column":32},"end":{"line":30,"column":48}}]},"7":{"line":52,"type":"cond-expr","locations":[{"start":{"line":52,"column":53},"end":{"line":52,"column":61}},{"start":{"line":52,"column":64},"end":{"line":52,"column":66}}]}},"l":{"20":1,"21":72,"22":72,"23":1,"25":71,"27":71,"28":6,"30":6,"31":5,"34":66,"47":1,"48":7,"49":7,"50":63,"52":63,"54":7,"57":1,"59":1}}}
