TN:
SF:/Users/gt/Development/tests/lib/binarySearch.js
FN:20,binarySearch
FNF:1
FNH:1
FNDA:814,binarySearch
DA:20,1
DA:21,814
DA:24,814
DA:25,814
DA:27,814
DA:28,814
DA:30,814
DA:32,190
DA:35,624
DA:37,16
DA:40,608
DA:42,345
DA:45,263
DA:49,1
LF:14
LH:14
BRDA:24,1,0,814
BRDA:24,1,1,346
BRDA:25,2,0,814
BRDA:25,2,1,206
BRDA:30,3,0,190
BRDA:30,3,1,624
BRDA:35,4,0,16
BRDA:35,4,1,608
BRDA:40,5,0,345
BRDA:40,5,1,263
BRF:10
BRH:10
end_of_record
TN:
SF:/Users/gt/Development/tests/lib/stringReverse.js
FN:20,codePointAt
FN:47,stringReverse
FNF:2
FNH:2
FNDA:72,codePointAt
FNDA:7,stringReverse
DA:20,1
DA:21,72
DA:22,72
DA:23,1
DA:25,71
DA:27,71
DA:28,6
DA:30,6
DA:31,5
DA:34,66
DA:47,1
DA:48,7
DA:49,7
DA:50,63
DA:52,63
DA:54,7
DA:57,1
DA:59,1
LF:18
LH:18
BRDA:22,1,0,1
BRDA:22,1,1,71
BRDA:22,2,0,72
BRDA:22,2,1,72
BRDA:27,3,0,6
BRDA:27,3,1,65
BRDA:27,4,0,71
BRDA:27,4,1,7
BRDA:27,4,2,6
BRDA:30,5,0,5
BRDA:30,5,1,1
BRDA:30,6,0,6
BRDA:30,6,1,5
BRDA:52,7,0,3
BRDA:52,7,1,60
BRF:15
BRH:15
end_of_record
